#
# There is insufficient memory for the Java Runtime Environment to continue.
# Native memory allocation (malloc) failed to allocate 32744 bytes for ChunkPool::allocate
# Possible reasons:
#   The system is out of physical RAM or swap space
#   The process is running with CompressedOops enabled, and the Java Heap may be blocking the growth of the native heap
# Possible solutions:
#   Reduce memory load on the system
#   Increase physical memory or swap space
#   Check if swap backing store is full
#   Decrease Java heap size (-Xmx/-Xms)
#   Decrease number of Java threads
#   Decrease Java thread stack sizes (-Xss)
#   Set larger code cache with -XX:ReservedCodeCacheSize=
#   JVM is running with Zero Based Compressed Oops mode in which the Java heap is
#     placed in the first 32GB address space. The Java Heap base address is the
#     maximum limit for the native heap growth. Please use -XX:HeapBaseMinAddress
#     to set the Java Heap base and to place the Java Heap above 32GB virtual address.
# This output file may be truncated or incomplete.
#
#  Out of Memory Error (allocation.cpp:272), pid=11308, tid=0x000000000000b4a0
#
# JRE version: OpenJDK Runtime Environment (8.0_302-b08) (build 1.8.0_302-b08)
# Java VM: OpenJDK 64-Bit Server VM (25.302-b08 mixed mode windows-amd64 compressed oops)
# Failed to write core dump. Minidumps are not enabled by default on client versions of Windows
#

---------------  T H R E A D  ---------------

Current thread (0x000001cdbfa2a800):  JavaThread "C2 CompilerThread4" daemon [_thread_in_native, id=46240, stack(0x0000000101e00000,0x0000000101f00000)]

Stack: [0x0000000101e00000,0x0000000101f00000]
[error occurred during error reporting (printing stack bounds), id 0xc0000005]

Native frames: (J=compiled Java code, j=interpreted, Vv=VM code, C=native code)


Current CompileTask:
C2:   2001 2658   !   4       java.net.URLClassLoader$1::run (63 bytes)


---------------  P R O C E S S  ---------------

Java Threads: ( => current thread )
  0x000001cdbfb18800 JavaThread "Service Thread" daemon [_thread_blocked, id=46680, stack(0x0000000102600000,0x0000000102700000)]
  0x000001cdbfab8800 JavaThread "C1 CompilerThread11" daemon [_thread_blocked, id=46176, stack(0x0000000102500000,0x0000000102600000)]
  0x000001cdbfa9a000 JavaThread "C1 CompilerThread10" daemon [_thread_blocked, id=30164, stack(0x0000000102400000,0x0000000102500000)]
  0x000001cdbfa5d800 JavaThread "C1 CompilerThread9" daemon [_thread_blocked, id=19876, stack(0x0000000102300000,0x0000000102400000)]
  0x000001cdbfa3b000 JavaThread "C1 CompilerThread8" daemon [_thread_blocked, id=46040, stack(0x0000000102200000,0x0000000102300000)]
  0x000001cdbfa31000 JavaThread "C2 CompilerThread7" daemon [_thread_in_native, id=42224, stack(0x0000000102100000,0x0000000102200000)]
  0x000001cdbfa30800 JavaThread "C2 CompilerThread6" daemon [_thread_blocked, id=32572, stack(0x0000000102000000,0x0000000102100000)]
  0x000001cdbfa2f000 JavaThread "C2 CompilerThread5" daemon [_thread_blocked, id=45180, stack(0x0000000101f00000,0x0000000102000000)]
=>0x000001cdbfa2a800 JavaThread "C2 CompilerThread4" daemon [_thread_in_native, id=46240, stack(0x0000000101e00000,0x0000000101f00000)]
  0x000001cdbfa23800 JavaThread "C2 CompilerThread3" daemon [_thread_blocked, id=9332, stack(0x0000000101d00000,0x0000000101e00000)]
  0x000001cdbfa19000 JavaThread "C2 CompilerThread2" daemon [_thread_blocked, id=6004, stack(0x0000000101c00000,0x0000000101d00000)]
  0x000001cdbfa17800 JavaThread "C2 CompilerThread1" daemon [_thread_blocked, id=46220, stack(0x0000000101b00000,0x0000000101c00000)]
  0x000001cdbfa16800 JavaThread "C2 CompilerThread0" daemon [_thread_blocked, id=47032, stack(0x0000000101a00000,0x0000000101b00000)]
  0x000001cdbfa13000 JavaThread "Monitor Ctrl-Break" daemon [_thread_in_native, id=46752, stack(0x0000000101900000,0x0000000101a00000)]
  0x000001cdbf977800 JavaThread "Attach Listener" daemon [_thread_blocked, id=40332, stack(0x0000000101800000,0x0000000101900000)]
  0x000001cdbf976800 JavaThread "Signal Dispatcher" daemon [_thread_blocked, id=9760, stack(0x0000000101700000,0x0000000101800000)]
  0x000001cdbcc63800 JavaThread "Finalizer" daemon [_thread_blocked, id=13896, stack(0x0000000101600000,0x0000000101700000)]
  0x000001cdbcc5a000 JavaThread "Reference Handler" daemon [_thread_blocked, id=36288, stack(0x0000000101500000,0x0000000101600000)]
  0x000001cda1c6c800 JavaThread "main" [_thread_in_native, id=26500, stack(0x0000000100600000,0x0000000100700000)]

Other Threads:
  0x000001cdbcc52800 VMThread [stack: 0x0000000101400000,0x0000000101500000] [id=42548]
  0x000001cdbfb1b800 WatcherThread [stack: 0x0000000102700000,0x0000000102800000] [id=46644]

VM state:not at safepoint (normal execution)

VM Mutex/Monitor currently owned by a thread: None

heap address: 0x00000006c2000000, size: 4064 MB, Compressed Oops mode: Zero based, Oop shift amount: 3
Narrow klass base: 0x0000000000000000, Narrow klass shift: 3
Compressed class space size: 1073741824 Address: 0x00000007c0000000

Heap:
 PSYoungGen      total 75776K, used 38461K [0x000000076b580000, 0x0000000770a00000, 0x00000007c0000000)
  eden space 65024K, 42% used [0x000000076b580000,0x000000076d095ec8,0x000000076f500000)
  from space 10752K, 99% used [0x000000076ff80000,0x00000007709f9850,0x0000000770a00000)
  to   space 10752K, 0% used [0x000000076f500000,0x000000076f500000,0x000000076ff80000)
 ParOldGen       total 173568K, used 1103K [0x00000006c2000000, 0x00000006cc980000, 0x000000076b580000)
  object space 173568K, 0% used [0x00000006c2000000,0x00000006c2113dd8,0x00000006cc980000)
 Metaspace       used 19090K, capacity 19472K, committed 19712K, reserved 1067008K
  class space    used 2297K, capacity 2437K, committed 2560K, reserved 1048576K

Card table byte_map: [0x000001cdb2d30000,0x000001cdb3530000] byte_map_base: 0x000001cdaf720000

Marking Bits: (ParMarkBitMap*) 0x0000000054e41820
 Begin Bits: [0x000001cdb3a80000, 0x000001cdb7a00000)
 End Bits:   [0x000001cdb7a00000, 0x000001cdbb980000)

Polling page: 0x000001cda1d70000

CodeCache: size=245760Kb used=10798Kb max_used=10806Kb free=234961Kb
 bounds [0x000001cda3970000, 0x000001cda4410000, 0x000001cdb2970000]
 total_blobs=3086 nmethods=2686 adapters=310
 compilation: enabled

Compilation events (10 events):
Event: 1.927 Thread 0x000001cdbfa3b000 2684       1       org.apache.maven.wagon.providers.http.httpclient.message.ParserCursor::getPos (5 bytes)
Event: 1.927 Thread 0x000001cdbfab8800 2685       3       java.nio.HeapByteBuffer::put (16 bytes)
Event: 1.927 Thread 0x000001cdbfa5d800 2686       3       java.nio.Buffer::nextPutIndex (30 bytes)
Event: 1.927 Thread 0x000001cdbfa2f000 2687       4       java.nio.CharBuffer::arrayOffset (35 bytes)
Event: 1.927 Thread 0x000001cdbfa3b000 nmethod 2684 0x000001cda43ff610 code [0x000001cda43ff760, 0x000001cda43ff878]
Event: 1.927 Thread 0x000001cdbfa3b000 2688       3       java.nio.StringCharBuffer::get (19 bytes)
Event: 1.927 Thread 0x000001cdbfa5d800 nmethod 2686 0x000001cda43ff1d0 code [0x000001cda43ff340, 0x000001cda43ff550]
Event: 1.928 Thread 0x000001cdbfab8800 nmethod 2685 0x000001cda43fead0 code [0x000001cda43fec60, 0x000001cda43feff0]
Event: 1.928 Thread 0x000001cdbfa3b000 nmethod 2688 0x000001cda43fe3d0 code [0x000001cda43fe560, 0x000001cda43fe940]
Event: 1.928 Thread 0x000001cdbfa2f000 nmethod 2687 0x000001cda4403110 code [0x000001cda4403240, 0x000001cda44032d8]

GC Heap History (4 events):
Event: 1.011 GC heap before
{Heap before GC invocations=1 (full 0):
 PSYoungGen      total 75776K, used 65024K [0x000000076b580000, 0x0000000770a00000, 0x00000007c0000000)
  eden space 65024K, 100% used [0x000000076b580000,0x000000076f500000,0x000000076f500000)
  from space 10752K, 0% used [0x000000076ff80000,0x000000076ff80000,0x0000000770a00000)
  to   space 10752K, 0% used [0x000000076f500000,0x000000076f500000,0x000000076ff80000)
 ParOldGen       total 173568K, used 0K [0x00000006c2000000, 0x00000006cc980000, 0x000000076b580000)
  object space 173568K, 0% used [0x00000006c2000000,0x00000006c2000000,0x00000006cc980000)
 Metaspace       used 10738K, capacity 10886K, committed 11136K, reserved 1058816K
  class space    used 1286K, capacity 1346K, committed 1408K, reserved 1048576K
Event: 1.016 GC heap after
Heap after GC invocations=1 (full 0):
 PSYoungGen      total 75776K, used 8604K [0x000000076b580000, 0x0000000770a00000, 0x00000007c0000000)
  eden space 65024K, 0% used [0x000000076b580000,0x000000076b580000,0x000000076f500000)
  from space 10752K, 80% used [0x000000076f500000,0x000000076fd673e8,0x000000076ff80000)
  to   space 10752K, 0% used [0x000000076ff80000,0x000000076ff80000,0x0000000770a00000)
 ParOldGen       total 173568K, used 35K [0x00000006c2000000, 0x00000006cc980000, 0x000000076b580000)
  object space 173568K, 0% used [0x00000006c2000000,0x00000006c2008c30,0x00000006cc980000)
 Metaspace       used 10738K, capacity 10886K, committed 11136K, reserved 1058816K
  class space    used 1286K, capacity 1346K, committed 1408K, reserved 1048576K
}
Event: 1.790 GC heap before
{Heap before GC invocations=2 (full 0):
 PSYoungGen      total 75776K, used 73628K [0x000000076b580000, 0x0000000770a00000, 0x00000007c0000000)
  eden space 65024K, 100% used [0x000000076b580000,0x000000076f500000,0x000000076f500000)
  from space 10752K, 80% used [0x000000076f500000,0x000000076fd673e8,0x000000076ff80000)
  to   space 10752K, 0% used [0x000000076ff80000,0x000000076ff80000,0x0000000770a00000)
 ParOldGen       total 173568K, used 35K [0x00000006c2000000, 0x00000006cc980000, 0x000000076b580000)
  object space 173568K, 0% used [0x00000006c2000000,0x00000006c2008c30,0x00000006cc980000)
 Metaspace       used 17018K, capacity 17382K, committed 17536K, reserved 1064960K
  class space    used 2030K, capacity 2174K, committed 2176K, reserved 1048576K
Event: 1.795 GC heap after
Heap after GC invocations=2 (full 0):
 PSYoungGen      total 75776K, used 10726K [0x000000076b580000, 0x0000000770a00000, 0x00000007c0000000)
  eden space 65024K, 0% used [0x000000076b580000,0x000000076b580000,0x000000076f500000)
  from space 10752K, 99% used [0x000000076ff80000,0x00000007709f9850,0x0000000770a00000)
  to   space 10752K, 0% used [0x000000076f500000,0x000000076f500000,0x000000076ff80000)
 ParOldGen       total 173568K, used 1103K [0x00000006c2000000, 0x00000006cc980000, 0x000000076b580000)
  object space 173568K, 0% used [0x00000006c2000000,0x00000006c2113dd8,0x00000006cc980000)
 Metaspace       used 17018K, capacity 17382K, committed 17536K, reserved 1064960K
  class space    used 2030K, capacity 2174K, committed 2176K, reserved 1048576K
}

Deoptimization events (10 events):
Event: 1.694 Thread 0x000001cda1c6c800 Uncommon trap: reason=unstable_if action=reinterpret pc=0x000001cda4255a84 method=org.apache.maven.model.validation.DefaultModelValidator.isValidIdCharacter(C)Z @ 51
Event: 1.761 Thread 0x000001cda1c6c800 Uncommon trap: reason=unstable_if action=reinterpret pc=0x000001cda3f13278 method=java.util.HashMap.putVal(ILjava/lang/Object;Ljava/lang/Object;ZZ)Ljava/lang/Object; @ 236
Event: 1.773 Thread 0x000001cda1c6c800 Uncommon trap: reason=null_check action=make_not_entrant pc=0x000001cda414c98c method=java.net.URL.getURLStreamHandler(Ljava/lang/String;)Ljava/net/URLStreamHandler; @ 7
Event: 1.774 Thread 0x000001cda1c6c800 Uncommon trap: reason=unstable_if action=reinterpret pc=0x000001cda409fb78 method=sun.net.util.IPAddressUtil.scan(Ljava/lang/String;JJ[C)I @ 14
Event: 1.810 Thread 0x000001cda1c6c800 Uncommon trap: reason=unstable_if action=reinterpret pc=0x000001cda3c372d0 method=java.net.URI.match(CJJ)Z @ 45
Event: 1.816 Thread 0x000001cda1c6c800 Uncommon trap: reason=unstable_if action=reinterpret pc=0x000001cda41a708c method=java.util.LinkedHashMap.get(Ljava/lang/Object;)Ljava/lang/Object; @ 20
Event: 1.877 Thread 0x000001cda1c6c800 Uncommon trap: reason=unstable_if action=reinterpret pc=0x000001cda3f0396c method=java.util.concurrent.ConcurrentHashMap.putVal(Ljava/lang/Object;Ljava/lang/Object;Z)Ljava/lang/Object; @ 195
Event: 1.880 Thread 0x000001cda1c6c800 Uncommon trap: reason=unstable_if action=reinterpret pc=0x000001cda3fdf968 method=java.util.concurrent.ConcurrentHashMap.transfer([Ljava/util/concurrent/ConcurrentHashMap$Node;[Ljava/util/concurrent/ConcurrentHashMap$Node;)V @ 356
Event: 1.907 Thread 0x000001cda1c6c800 Uncommon trap: reason=unstable_if action=reinterpret pc=0x000001cda4309928 method=java.lang.Integer.parseInt(Ljava/lang/String;I)I @ 1
Event: 1.974 Thread 0x000001cda1c6c800 Uncommon trap: reason=predicate action=maybe_recompile pc=0x000001cda3dd4154 method=sun.net.www.ParseUtil.encodePath(Ljava/lang/String;Z)Ljava/lang/String; @ 36

Classes redefined (0 events):
No events

Internal exceptions (10 events):
Event: 0.850 Thread 0x000001cda1c6c800 Exception <a 'java/lang/ArrayIndexOutOfBoundsException': 66> (0x000000076e18e010) thrown at [C:\wsjdk\Corretto8Src\installers\windows\zip\corretto-build\buildRoot\src\hotspot\src\share\vm\interpreter\interpreterRuntime.cpp, line 371]
Event: 1.281 Thread 0x000001cda1c6c800 Exception <a 'java/lang/NoClassDefFoundError': com/google/inject/servlet/ServletModuleTargetVisitor> (0x000000076d2ec9d8) thrown at [C:\wsjdk\Corretto8Src\installers\windows\zip\corretto-build\buildRoot\src\hotspot\src\share\vm\classfile\systemDictionary.
Event: 1.281 Thread 0x000001cda1c6c800 Exception <a 'java/lang/NoClassDefFoundError'> (0x000000076d2ec9d8) thrown at [C:\wsjdk\Corretto8Src\installers\windows\zip\corretto-build\buildRoot\src\hotspot\src\share\vm\prims\jvm.cpp, line 1527]
Event: 1.281 Thread 0x000001cda1c6c800 Exception <a 'java/lang/NoClassDefFoundError': javax/annotation/Priority> (0x000000076d2f1810) thrown at [C:\wsjdk\Corretto8Src\installers\windows\zip\corretto-build\buildRoot\src\hotspot\src\share\vm\classfile\systemDictionary.cpp, line 206]
Event: 1.337 Thread 0x000001cda1c6c800 Implicit null exception at 0x000001cda3c32ed5 to 0x000001cda3c330b9
Event: 1.410 Thread 0x000001cda1c6c800 Implicit null exception at 0x000001cda3decfd6 to 0x000001cda3ded361
Event: 1.410 Thread 0x000001cda1c6c800 Implicit null exception at 0x000001cda3d23056 to 0x000001cda3d233dd
Event: 1.516 Thread 0x000001cda1c6c800 Implicit null exception at 0x000001cda420e94a to 0x000001cda420fcd9
Event: 1.773 Thread 0x000001cda1c6c800 Implicit null exception at 0x000001cda414b187 to 0x000001cda414c981
Event: 1.907 Thread 0x000001cda1c6c800 Implicit null exception at 0x000001cda43094d4 to 0x000001cda4309915

Events (10 events):
Event: 1.951 loading class sun/net/InetAddressCachePolicy$1 done
Event: 1.951 loading class sun/net/InetAddressCachePolicy$2
Event: 1.951 loading class sun/net/InetAddressCachePolicy$2 done
Event: 1.951 loading class java/net/InetAddress$CacheEntry
Event: 1.951 loading class java/net/InetAddress$CacheEntry done
Event: 1.974 loading class javax/net/DefaultSocketFactory
Event: 1.974 loading class javax/net/DefaultSocketFactory done
Event: 1.974 Thread 0x000001cda1c6c800 Uncommon trap: trap_request=0xffffff86 fr.pc=0x000001cda3dd4154
Event: 1.974 Thread 0x000001cda1c6c800 DEOPT PACKING pc=0x000001cda3dd4154 sp=0x00000001006fcf10
Event: 1.974 Thread 0x000001cda1c6c800 DEOPT UNPACKING pc=0x000001cda39b5583 sp=0x00000001006fced0 mode 2


Dynamic libraries:
0x00007ff703fd0000 - 0x00007ff70400a000 	D:\CodeDevolpment\JDK\bin\java.exe
0x00007fff45b90000 - 0x00007fff45d85000 	C:\Windows\SYSTEM32\ntdll.dll
0x00007fff45740000 - 0x00007fff457fe000 	C:\Windows\System32\KERNEL32.DLL
0x00007fff43470000 - 0x00007fff43738000 	C:\Windows\System32\KERNELBASE.dll
0x00007fff45690000 - 0x00007fff4573e000 	C:\Windows\System32\ADVAPI32.dll
0x00007fff43bd0000 - 0x00007fff43c6e000 	C:\Windows\System32\msvcrt.dll
0x00007fff44cd0000 - 0x00007fff44d6c000 	C:\Windows\System32\sechost.dll
0x00007fff44640000 - 0x00007fff44765000 	C:\Windows\System32\RPCRT4.dll
0x00007fff44d80000 - 0x00007fff44f21000 	C:\Windows\System32\USER32.dll
0x00007fff438e0000 - 0x00007fff43902000 	C:\Windows\System32\win32u.dll
0x00007fff440a0000 - 0x00007fff440cb000 	C:\Windows\System32\GDI32.dll
0x00007fff43360000 - 0x00007fff4346d000 	C:\Windows\System32\gdi32full.dll
0x00007fff43740000 - 0x00007fff437dd000 	C:\Windows\System32\msvcp_win.dll
0x00007fff437e0000 - 0x00007fff438e0000 	C:\Windows\System32\ucrtbase.dll
0x00007fff31a40000 - 0x00007fff31cda000 	C:\Windows\WinSxS\amd64_microsoft.windows.common-controls_6595b64144ccf1df_6.0.19041.1110_none_60b5254171f9507e\COMCTL32.dll
0x00007fff440d0000 - 0x00007fff44100000 	C:\Windows\System32\IMM32.DLL
0x00007fff1f6b0000 - 0x00007fff1f79f000 	D:\CodeDevolpment\JDK\jre\bin\msvcr120.dll
0x00007fff1a0e0000 - 0x00007fff1a186000 	D:\CodeDevolpment\JDK\jre\bin\msvcp120.dll
0x0000000054650000 - 0x0000000054ec0000 	D:\CodeDevolpment\JDK\jre\bin\server\jvm.dll
0x00007fff44f30000 - 0x00007fff44f38000 	C:\Windows\System32\PSAPI.DLL
0x00007fff39300000 - 0x00007fff3930a000 	C:\Windows\SYSTEM32\VERSION.dll
0x00007fff39090000 - 0x00007fff390b7000 	C:\Windows\SYSTEM32\WINMM.dll
0x00007fff173f0000 - 0x00007fff173f9000 	C:\Windows\SYSTEM32\WSOCK32.dll
0x00007fff458b0000 - 0x00007fff4591b000 	C:\Windows\System32\WS2_32.dll
0x00007fff3ea70000 - 0x00007fff3ea7f000 	D:\CodeDevolpment\JDK\jre\bin\verify.dll
0x00007fff1b120000 - 0x00007fff1b149000 	D:\CodeDevolpment\JDK\jre\bin\java.dll
0x00007fff1a060000 - 0x00007fff1a08a000 	D:\CodeDevolpment\JDK\jre\bin\instrument.dll
0x00007fff3b110000 - 0x00007fff3b126000 	D:\CodeDevolpment\JDK\jre\bin\zip.dll
0x00007fff44f40000 - 0x00007fff45684000 	C:\Windows\System32\SHELL32.dll
0x00007fff410a0000 - 0x00007fff41835000 	C:\Windows\SYSTEM32\windows.storage.dll
0x00007fff44280000 - 0x00007fff445d5000 	C:\Windows\System32\combase.dll
0x00007fff42cf0000 - 0x00007fff42d1e000 	C:\Windows\SYSTEM32\Wldp.dll
0x00007fff45800000 - 0x00007fff458ad000 	C:\Windows\System32\SHCORE.dll
0x00007fff445e0000 - 0x00007fff44635000 	C:\Windows\System32\shlwapi.dll
0x00007fff431e0000 - 0x00007fff431ff000 	C:\Windows\SYSTEM32\profapi.dll
0x00007fff22ba0000 - 0x00007fff22bba000 	D:\CodeDevolpment\JDK\jre\bin\net.dll
0x00007fff429e0000 - 0x00007fff42a4a000 	C:\Windows\system32\mswsock.dll
0x00007fff42be0000 - 0x00007fff42bf8000 	C:\Windows\SYSTEM32\CRYPTSP.dll
0x00007fff42300000 - 0x00007fff42334000 	C:\Windows\system32\rsaenh.dll
0x00007fff43330000 - 0x00007fff43357000 	C:\Windows\System32\bcrypt.dll
0x00007fff431a0000 - 0x00007fff431ce000 	C:\Windows\SYSTEM32\USERENV.dll
0x00007fff432a0000 - 0x00007fff43322000 	C:\Windows\System32\bcryptprimitives.dll
0x00007fff42bd0000 - 0x00007fff42bdc000 	C:\Windows\SYSTEM32\CRYPTBASE.dll
0x00007fff426d0000 - 0x00007fff4270b000 	C:\Windows\SYSTEM32\IPHLPAPI.DLL
0x00007fff44cc0000 - 0x00007fff44cc8000 	C:\Windows\System32\NSI.dll
0x00007fff392e0000 - 0x00007fff392f7000 	C:\Windows\SYSTEM32\dhcpcsvc6.DLL
0x00007fff39ba0000 - 0x00007fff39bbd000 	C:\Windows\SYSTEM32\dhcpcsvc.DLL
0x00007fff42710000 - 0x00007fff427db000 	C:\Windows\SYSTEM32\DNSAPI.dll
0x00007fff22790000 - 0x00007fff227a2000 	D:\CodeDevolpment\JDK\jre\bin\nio.dll
0x00007fff3d330000 - 0x00007fff3d33a000 	C:\Users\黄争\AppData\Local\Temp\jansi-1.17.1-4064727671059374069.dll
0x00007fff3cc30000 - 0x00007fff3cc3a000 	C:\Users\黄争\AppData\Local\Temp\jansi-1.17.1-1027445209669869062.dll
0x00007fff19ec0000 - 0x00007fff19ee3000 	D:\CodeDevolpment\JDK\jre\bin\sunec.dll
0x00007fff3c210000 - 0x00007fff3c21a000 	C:\Windows\System32\rasadhlp.dll
0x00007fff37050000 - 0x00007fff370cf000 	C:\Windows\System32\fwpuclnt.dll

VM Arguments:
jvm_args: -Dmaven.multiModuleProjectDirectory=O:\Project\wechat\LiteWeChat\LiteWeChatBackend -Dmaven.home=C:\Users\黄争\IntelliJ IDEA 2021.1.3\plugins\maven\lib\maven3 -Dclassworlds.conf=C:\Users\黄争\IntelliJ IDEA 2021.1.3\plugins\maven\lib\maven3\bin\m2.conf -Dmaven.ext.class.path=C:\Users\黄争\IntelliJ IDEA 2021.1.3\plugins\maven\lib\maven-event-listener.jar -javaagent:C:\Users\黄争\IntelliJ IDEA 2021.1.3\lib\idea_rt.jar=50656:C:\Users\黄争\IntelliJ IDEA 2021.1.3\bin -Dfile.encoding=UTF-8 
java_command: org.codehaus.classworlds.Launcher -Didea.version=2021.1.3 package
java_class_path (initial): C:\Users\黄争\IntelliJ IDEA 2021.1.3\plugins\maven\lib\maven3\boot\plexus-classworlds-2.6.0.jar;C:\Users\黄争\IntelliJ IDEA 2021.1.3\plugins\maven\lib\maven3\boot\plexus-classworlds.license;C:\Users\黄争\IntelliJ IDEA 2021.1.3\lib\idea_rt.jar
Launcher Type: SUN_STANDARD

Environment Variables:
JAVA_HOME=D:\CodeDevolpment\JDK\bin;C:\Users\黄争\.jdks\openjdk-16.0.1\;C:\Users\黄争\.jdks\openjdk-16.0.1\bin;D:\CodeDevolpment\JavaDevKits\jdk1.8.0_252\bin;C:\Program Files (x86)\Common Files\Oracle\Java\javapath;D:\CodeDevolpment\JDK\bin;
CLASSPATH=.;D:\CodeDevolpment\JDK\bin;C:\Users\黄争\.jdks\openjdk-16.0.1\;C:\Users\黄争\.jdks\openjdk-16.0.1\bin;D:\CodeDevolpment\JavaDevKits\jdk1.8.0_252\bin;C:\Program Files (x86)\Common Files\Oracle\Java\javapath;D:\CodeDevolpment\JDK\bin;\lib;D:\CodeDevolpment\JDK\bin;C:\Users\黄争\.jdks\openjdk-16.0.1\;C:\Users\黄争\.jdks\openjdk-16.0.1\bin;D:\CodeDevolpment\JavaDevKits\jdk1.8.0_252\bin;C:\Program Files (x86)\Common Files\Oracle\Java\javapath;D:\CodeDevolpment\JDK\bin;\lib\dt.jar;D:\CodeDevolpment\JDK\bin;C:\Users\黄争\.jdks\openjdk-16.0.1\;C:\Users\黄争\.jdks\openjdk-16.0.1\bin;D:\CodeDevolpment\JavaDevKits\jdk1.8.0_252\bin;C:\Program Files (x86)\Common Files\Oracle\Java\javapath;D:\CodeDevolpment\JDK\bin;\lib\tools.jar
PATH=D:\CodeDevolpment\JDK\bin;C:\Users\黄争\.jdks\openjdk-16.0.1\;C:\Users\黄争\.jdks\openjdk-16.0.1\bin;D:\CodeDevolpment\JavaDevKits\jdk1.8.0_252\bin;C:\Program Files (x86)\Common Files\Oracle\Java\javapath;D:\CodeDevolpment\JDK\bin;;C:\Windows\System32\WindowsPowerShell\v1.0;D:\CodeDevolpment\;D:\CodeDevolpment\Git\cmd;D:\CodeDevolpment\xftp\;C:\Windows\System32;C:\Users\黄争\IntelliJ IDEA 2021.1.3\bin;;D:\CodeDevolpment\Microsoft VS Code\bin;C:\Users\黄争\AppData\Roaming\npm
USERNAME=黄争
OS=Windows_NT
PROCESSOR_IDENTIFIER=AMD64 Family 23 Model 96 Stepping 1, AuthenticAMD



---------------  S Y S T E M  ---------------

OS: Windows 10.0 , 64 bit Build 19041 (10.0.19041.1466)

CPU:total 16 (initial active 16) (16 cores per cpu, 1 threads per core) family 23 model 96 stepping 1, cmov, cx8, fxsr, mmx, sse, sse2, sse3, ssse3, sse4.1, sse4.2, popcnt, avx, avx2, aes, clmul, mmxext, 3dnowpref, lzcnt, sse4a, tsc, tscinvbit, tscinv, bmi1

Memory: 4k page, physical 16643396k(3795196k free), swap 16643396k(5132k free)

vm_info: OpenJDK 64-Bit Server VM (25.302-b08) for windows-amd64 JRE (1.8.0_302-b08), built on Jul 15 2021 19:37:21 by "Administrator" with MS VC++ 12.0 (VS2013)

time: Tue Feb 22 21:20:47 2022
timezone: ?D1ú±ê×?ê±??
elapsed time: 2.007359 seconds (0d 0h 0m 2s)

